# CHANGE LOG

## [2026-04-26 〜 2026-04-28] セッション

### feat: SVGダイアグラム路線図ページ追加
- `/diagram` ページ新設（`src/pages/diagram.astro`, `src/components/DiagramMap.tsx`）
- SVGベースの路線図。重複区間はオフセット表示、路線トグルパネル付き

### fix: モバイルUI修正（ボタン重なり・駅省略廃止・所要時間連動）
- 地図上のフローティングボタン（全画面・GPS・更新）がスマホで底部UIと重ならないよう位置調整
- Leafletのズームコントロールを右下に移動し広告との重なりを解消
- ズームレベルによる駅省略を廃止。表示切替のみで駅を制御するように変更
- 「乗換駅のみ表示」時は乗換間の合算時間を表示、全駅表示時は区間ごとの個別時間を表示

### fix: 「現在地から」ボタンの位置修正
- 出発駅ラベルに食い込んでいた「📍 現在地から」ボタンを入力欄の下に移動
- 出発駅・到着駅の入力欄が横に揃うよう修正

### feat: 時刻表ホーム番線情報を全10路線・全駅分に拡充（`src/data/timetableData.ts`）
- 従来の一部駅のみ・不正確な番線データを全面刷新
- 山手線・東海道線・京浜東北線・中央総武線・銀座線・丸ノ内線・東急東横線・東急田園都市線・小田急線・京急線の全駅を網羅
- 誤っていた主要駅の番線を修正（品川1/3番線、新宿15/14番線、池袋6/5番線、上野3/2番線 など）

### improve: 出発・到着駅入力欄のサイズ縮小（`src/components/StationSelector.tsx`）
- 外枠パディング 15px → 10px、フォントサイズ 14px、ラベル 12px に縮小
- 項目間ギャップ 15px → 8px でコンパクト化

### improve: 推薦ルートの路線フロービジュアルを刷新（`src/components/RouteRecommendations.tsx`）
- 路線色バー + 路線名 + 乗換駅名を横並びで視覚的に表示
- 乗換数を緑（直通）/橙（乗換あり）の色分けバッジで強調
- 各セグメントに所要時間を表示

### fix: スマホでの自動ズーム無効化
- `input[font-size]` を 16px に戻し iOS Safari の自動ズームを解消
- viewport に `maximum-scale=1, user-scalable=no` を追加

### fix: 時刻表ツールチップのスマホ対応
- ヘッダー行（出発設定・到着設定ボタン + 基準時刻 input）を2行構成に変更し横はみ出しを解消
- 時刻表各行を「時刻・種別・番線」（1行目）と「行き先」（2行目）の2段構成に変更
- 時刻表本体エリアに横スクロール対応・右カラムに minWidth 設定

### feat: 時刻表対応路線を 10 → 28 路線に拡充（`src/data/timetableData.ts`）
追加した路線:
- 東京メトロ: 日比谷線・東西線・千代田線・有楽町線・半蔵門線・南北線・副都心線
- 都営地下鉄: 浅草線・三田線・新宿線・大江戸線
- JR: 埼京線・常磐線
- 私鉄: 京王線・西武池袋線・東武東上線・東急目黒線
- つくばエクスプレス
各路線に駅リスト・累計所要時間・時間帯別運行間隔パターン・種別・行き先を定義。

### docs: 時刻表カバレッジ調査（2026-04-28）
- 全88路線・878ユニーク駅に対する時刻表対応状況を集計
- 対応路線: 28路線 / 88路線（32%）
- 対応駅数: 487駅 / 878駅（55.5%）
- 未対応の主な路線（60路線）:
  小田急江ノ島線・西武新宿線・京成本線・横浜市営地下鉄・横須賀線・
  JR武蔵野線・東急大井町線・JR総武線（千葉方面）・JR京葉線・
  りんかい線・ゆりかもめ・東京モノレール・つくばエクスプレス など

---

## 過去のセッション（抜粋）

- PWA対応（manifest・Service Worker）
- 複数路線の駅座標ずれ修正
- 広告（StickyBottomAd）配信判定・表示制御の改善
- 位置情報による最寄り駅自動取得
- 駅クリック時刻表ツールチップ（路線一覧 + 発車情報）実装
- 乗換駅のみ表示フィルター
- ダークモード・多言語（日英）対応
- 39路線のデータ整備（JR・東京メトロ・都営・私鉄・新交通）
